<?xml version="1.0" encoding="UTF-8"?>
<!-- Generated by org.testng.reporters.JUnitReportReporter -->
<testsuite skipped="0" hostname="IRIS-CSG-2526" name="automation.NewTest" tests="2" failures="0" timestamp="2020-06-24T15:15:59 IST" time="3.192" errors="0">
  <testcase name="ValidateTitle" time="0.677" classname="automation.NewTest"/>
  <system-out/>
  <testcase name="login" time="2.515" classname="automation.NewTest"/>
  <system-out/>
</testsuite> <!-- automation.NewTest -->
