<?xml version="1.0" encoding="UTF-8"?>
<!-- Generated by org.testng.reporters.JUnitReportReporter -->
<testsuite skipped="0" hostname="IRIS-CSG-2526" name="automation.NewTest" tests="2" failures="0" timestamp="2020-06-24T00:33:35 IST" time="4.189" errors="0">
  <testcase name="login" time="3.390" classname="automation.NewTest"/>
  <system-out/>
  <testcase name="ValidateTitle" time="0.799" classname="automation.NewTest"/>
  <system-out/>
</testsuite> <!-- automation.NewTest -->
