<?xml version="1.0" encoding="UTF-8"?>
<!-- Generated by org.testng.reporters.JUnitReportReporter -->
<testsuite skipped="0" hostname="IRIS-CSG-2526" name="automation.NewTest" tests="2" failures="0" timestamp="2020-06-27T16:20:54 IST" time="3.610" errors="0">
  <testcase name="ValidateTitle" time="0.812" classname="automation.NewTest"/>
  <system-out/>
  <testcase name="login" time="2.798" classname="automation.NewTest"/>
  <system-out/>
</testsuite> <!-- automation.NewTest -->
