<?xml version="1.0" encoding="UTF-8"?>
<!-- Generated by org.testng.reporters.JUnitReportReporter -->
<testsuite skipped="0" hostname="IRIS-CSG-2526" name="Automation.NewTest" tests="1" failures="0" timestamp="2020-06-23T17:39:18 IST" time="0.029" errors="0">
  <testcase name="ValidateTitle" time="0.029" classname="Automation.NewTest"/>
  <system-out/>
</testsuite> <!-- Automation.NewTest -->
